2022-09-09 15:51:21.341  INFO 10836 --- [Test worker] com.a606.A606ApplicationTests            : Starting A606ApplicationTests using Java 1.8.0_192 on DESKTOP-PTCLTV4 with PID 10836 (started by hwi in C:\SSAFY\workspace\11_Project\S07P22A606\Backend\a606\a606)
2022-09-09 15:51:21.344  INFO 10836 --- [Test worker] com.a606.A606ApplicationTests            : No active profile set, falling back to default profiles: default
2022-09-09 15:51:21.408 DEBUG 10836 --- [Test worker] o.s.w.c.s.GenericWebApplicationContext   : Refreshing org.springframework.web.context.support.GenericWebApplicationContext@757d6814
2022-09-09 15:51:23.103  INFO 10836 --- [Test worker] .s.d.r.c.RepositoryConfigurationDelegate : Bootstrapping Spring Data JPA repositories in DEFAULT mode.
2022-09-09 15:51:23.131  INFO 10836 --- [Test worker] .s.d.r.c.RepositoryConfigurationDelegate : Finished Spring Data repository scanning in 12 ms. Found 0 JPA repository interfaces.
2022-09-09 15:51:24.185  INFO 10836 --- [Test worker] o.hibernate.jpa.internal.util.LogHelper  : HHH000204: Processing PersistenceUnitInfo [name: default]
2022-09-09 15:51:24.275  INFO 10836 --- [Test worker] org.hibernate.Version                    : HHH000412: Hibernate ORM core version 5.4.30.Final
2022-09-09 15:51:24.537  INFO 10836 --- [Test worker] o.hibernate.annotations.common.Version   : HCANN000001: Hibernate Commons Annotations {5.1.2.Final}
2022-09-09 15:51:24.713  INFO 10836 --- [Test worker] com.zaxxer.hikari.HikariDataSource       : HikariPool-1 - Starting...
2022-09-09 15:51:25.086  INFO 10836 --- [Test worker] com.zaxxer.hikari.HikariDataSource       : HikariPool-1 - Start completed.
2022-09-09 15:51:25.120  INFO 10836 --- [Test worker] org.hibernate.dialect.Dialect            : HHH000400: Using dialect: org.hibernate.dialect.MySQL8Dialect
2022-09-09 15:51:25.548  INFO 10836 --- [Test worker] o.h.e.t.j.p.i.JtaPlatformInitiator       : HHH000490: Using JtaPlatform implementation: [org.hibernate.engine.transaction.jta.platform.internal.NoJtaPlatform]
2022-09-09 15:51:25.565  INFO 10836 --- [Test worker] j.LocalContainerEntityManagerFactoryBean : Initialized JPA EntityManagerFactory for persistence unit 'default'
2022-09-09 15:51:26.135  WARN 10836 --- [Test worker] JpaBaseConfiguration$JpaWebConfiguration : spring.jpa.open-in-view is enabled by default. Therefore, database queries may be performed during view rendering. Explicitly configure spring.jpa.open-in-view to disable this warning
2022-09-09 15:51:26.637 DEBUG 10836 --- [Test worker] s.w.s.m.m.a.RequestMappingHandlerMapping : 7 mappings in 'requestMappingHandlerMapping'
2022-09-09 15:51:26.959  INFO 10836 --- [Test worker] o.s.b.a.e.web.EndpointLinksResolver      : Exposing 2 endpoint(s) beneath base path '/actuator'
2022-09-09 15:51:27.790  INFO 10836 --- [Test worker] o.s.s.concurrent.ThreadPoolTaskExecutor  : Initializing ExecutorService 'applicationTaskExecutor'
2022-09-09 15:51:27.815 DEBUG 10836 --- [Test worker] s.w.s.m.m.a.RequestMappingHandlerAdapter : ControllerAdvice beans: 0 @ModelAttribute, 0 @InitBinder, 1 RequestBodyAdvice, 1 ResponseBodyAdvice
2022-09-09 15:51:28.086 DEBUG 10836 --- [Test worker] o.s.w.s.handler.SimpleUrlHandlerMapping  : Patterns [/swagger-ui/] in 'viewControllerHandlerMapping'
2022-09-09 15:51:29.330 DEBUG 10836 --- [Test worker] o.s.w.s.handler.SimpleUrlHandlerMapping  : Patterns [/swagger-ui/**, /webjars/**, /**] in 'resourceHandlerMapping'
2022-09-09 15:51:29.362 DEBUG 10836 --- [Test worker] .m.m.a.ExceptionHandlerExceptionResolver : ControllerAdvice beans: 0 @ExceptionHandler, 1 ResponseBodyAdvice
2022-09-09 15:51:30.538  INFO 10836 --- [Test worker] .s.s.UserDetailsServiceAutoConfiguration : 

Using generated security password: 42cdd5d2-30de-430c-91de-c45ebd423b93

2022-09-09 15:51:31.269  INFO 10836 --- [Test worker] o.s.s.web.DefaultSecurityFilterChain     : Will secure any request with [org.springframework.security.web.context.request.async.WebAsyncManagerIntegrationFilter@3cfab340, org.springframework.security.web.context.SecurityContextPersistenceFilter@123c48d0, org.springframework.security.web.header.HeaderWriterFilter@4f2d8175, org.springframework.security.web.csrf.CsrfFilter@24cbf894, org.springframework.security.web.authentication.logout.LogoutFilter@3855b27e, org.springframework.security.web.authentication.UsernamePasswordAuthenticationFilter@2697c156, org.springframework.security.web.authentication.ui.DefaultLoginPageGeneratingFilter@2b1a1a37, org.springframework.security.web.authentication.ui.DefaultLogoutPageGeneratingFilter@3387ab0, org.springframework.security.web.authentication.www.BasicAuthenticationFilter@234ce7ff, org.springframework.security.web.savedrequest.RequestCacheAwareFilter@1203d787, org.springframework.security.web.servletapi.SecurityContextHolderAwareRequestFilter@5454be, org.springframework.security.web.authentication.AnonymousAuthenticationFilter@470f0637, org.springframework.security.web.session.SessionManagementFilter@2b15ba1a, org.springframework.security.web.access.ExceptionTranslationFilter@72d16d6, org.springframework.security.web.access.intercept.FilterSecurityInterceptor@7aab98b6]
2022-09-09 15:51:32.296  INFO 10836 --- [Test worker] com.a606.A606ApplicationTests            : Started A606ApplicationTests in 11.375 seconds (JVM running for 13.483)
2022-09-09 15:51:32.497 DEBUG 10836 --- [SpringContextShutdownHook] o.s.w.c.s.GenericWebApplicationContext   : Closing org.springframework.web.context.support.GenericWebApplicationContext@757d6814, started on Fri Sep 09 15:51:21 KST 2022
2022-09-09 15:51:32.503  INFO 10836 --- [SpringContextShutdownHook] o.s.s.concurrent.ThreadPoolTaskExecutor  : Shutting down ExecutorService 'applicationTaskExecutor'
2022-09-09 15:51:32.509  INFO 10836 --- [SpringContextShutdownHook] j.LocalContainerEntityManagerFactoryBean : Closing JPA EntityManagerFactory for persistence unit 'default'
2022-09-09 15:51:32.513  INFO 10836 --- [SpringContextShutdownHook] com.zaxxer.hikari.HikariDataSource       : HikariPool-1 - Shutdown initiated...
2022-09-09 15:51:32.526  INFO 10836 --- [SpringContextShutdownHook] com.zaxxer.hikari.HikariDataSource       : HikariPool-1 - Shutdown completed.
2022-09-09 16:03:29.968  INFO 13400 --- [Test worker] com.a606.A606ApplicationTests            : Starting A606ApplicationTests using Java 1.8.0_192 on DESKTOP-PTCLTV4 with PID 13400 (started by hwi in C:\SSAFY\workspace\11_Project\S07P22A606\Backend\a606\a606)
2022-09-09 16:03:29.972  INFO 13400 --- [Test worker] com.a606.A606ApplicationTests            : No active profile set, falling back to default profiles: default
2022-09-09 16:03:30.026 DEBUG 13400 --- [Test worker] o.s.w.c.s.GenericWebApplicationContext   : Refreshing org.springframework.web.context.support.GenericWebApplicationContext@757d6814
2022-09-09 16:03:31.814  INFO 13400 --- [Test worker] .s.d.r.c.RepositoryConfigurationDelegate : Bootstrapping Spring Data JPA repositories in DEFAULT mode.
2022-09-09 16:03:31.842  INFO 13400 --- [Test worker] .s.d.r.c.RepositoryConfigurationDelegate : Finished Spring Data repository scanning in 14 ms. Found 0 JPA repository interfaces.
2022-09-09 16:03:32.859  INFO 13400 --- [Test worker] o.hibernate.jpa.internal.util.LogHelper  : HHH000204: Processing PersistenceUnitInfo [name: default]
2022-09-09 16:03:32.945  INFO 13400 --- [Test worker] org.hibernate.Version                    : HHH000412: Hibernate ORM core version 5.4.30.Final
2022-09-09 16:03:33.192  INFO 13400 --- [Test worker] o.hibernate.annotations.common.Version   : HCANN000001: Hibernate Commons Annotations {5.1.2.Final}
2022-09-09 16:03:33.377  INFO 13400 --- [Test worker] com.zaxxer.hikari.HikariDataSource       : HikariPool-1 - Starting...
2022-09-09 16:03:33.754  INFO 13400 --- [Test worker] com.zaxxer.hikari.HikariDataSource       : HikariPool-1 - Start completed.
2022-09-09 16:03:33.787  INFO 13400 --- [Test worker] org.hibernate.dialect.Dialect            : HHH000400: Using dialect: org.hibernate.dialect.MySQL8Dialect
2022-09-09 16:03:34.236  INFO 13400 --- [Test worker] o.h.e.t.j.p.i.JtaPlatformInitiator       : HHH000490: Using JtaPlatform implementation: [org.hibernate.engine.transaction.jta.platform.internal.NoJtaPlatform]
2022-09-09 16:03:34.254  INFO 13400 --- [Test worker] j.LocalContainerEntityManagerFactoryBean : Initialized JPA EntityManagerFactory for persistence unit 'default'
2022-09-09 16:03:35.187  WARN 13400 --- [Test worker] JpaBaseConfiguration$JpaWebConfiguration : spring.jpa.open-in-view is enabled by default. Therefore, database queries may be performed during view rendering. Explicitly configure spring.jpa.open-in-view to disable this warning
2022-09-09 16:03:35.710 DEBUG 13400 --- [Test worker] s.w.s.m.m.a.RequestMappingHandlerMapping : 7 mappings in 'requestMappingHandlerMapping'
2022-09-09 16:03:35.977  INFO 13400 --- [Test worker] o.s.b.a.e.web.EndpointLinksResolver      : Exposing 2 endpoint(s) beneath base path '/actuator'
2022-09-09 16:03:36.966  INFO 13400 --- [Test worker] o.s.s.concurrent.ThreadPoolTaskExecutor  : Initializing ExecutorService 'applicationTaskExecutor'
2022-09-09 16:03:36.995 DEBUG 13400 --- [Test worker] s.w.s.m.m.a.RequestMappingHandlerAdapter : ControllerAdvice beans: 0 @ModelAttribute, 0 @InitBinder, 1 RequestBodyAdvice, 1 ResponseBodyAdvice
2022-09-09 16:03:37.128 DEBUG 13400 --- [Test worker] o.s.w.s.handler.SimpleUrlHandlerMapping  : Patterns [/swagger-ui/] in 'viewControllerHandlerMapping'
2022-09-09 16:03:37.993 DEBUG 13400 --- [Test worker] o.s.w.s.handler.SimpleUrlHandlerMapping  : Patterns [/resources/**, /swagger-ui.html, /webjars/**, /css/**, /fonts/**, /icons/**, /img/**, /js/**, /swagger-ui/**, /**] in 'resourceHandlerMapping'
2022-09-09 16:03:38.019 DEBUG 13400 --- [Test worker] .m.m.a.ExceptionHandlerExceptionResolver : ControllerAdvice beans: 0 @ExceptionHandler, 1 ResponseBodyAdvice
2022-09-09 16:03:38.633  INFO 13400 --- [Test worker] .s.s.UserDetailsServiceAutoConfiguration : 

Using generated security password: 1e429cf4-18a0-43a0-b13a-cf94146cebf9

2022-09-09 16:03:39.118  INFO 13400 --- [Test worker] o.s.s.web.DefaultSecurityFilterChain     : Will secure any request with [org.springframework.security.web.context.request.async.WebAsyncManagerIntegrationFilter@4af606e9, org.springframework.security.web.context.SecurityContextPersistenceFilter@1736273c, org.springframework.security.web.header.HeaderWriterFilter@7d82ca56, org.springframework.security.web.csrf.CsrfFilter@48f4264e, org.springframework.security.web.authentication.logout.LogoutFilter@25c8c71e, org.springframework.security.web.authentication.UsernamePasswordAuthenticationFilter@3093b9ff, org.springframework.security.web.authentication.ui.DefaultLoginPageGeneratingFilter@1a7a21d0, org.springframework.security.web.authentication.ui.DefaultLogoutPageGeneratingFilter@17dbca0a, org.springframework.security.web.authentication.www.BasicAuthenticationFilter@5b2ff4df, org.springframework.security.web.savedrequest.RequestCacheAwareFilter@36eb8e07, org.springframework.security.web.servletapi.SecurityContextHolderAwareRequestFilter@361f1647, org.springframework.security.web.authentication.AnonymousAuthenticationFilter@33765d22, org.springframework.security.web.session.SessionManagementFilter@5a58db42, org.springframework.security.web.access.ExceptionTranslationFilter@2ae5580, org.springframework.security.web.access.intercept.FilterSecurityInterceptor@759f45f1]
2022-09-09 16:03:39.717  INFO 13400 --- [Test worker] com.a606.A606ApplicationTests            : Started A606ApplicationTests in 10.21 seconds (JVM running for 12.285)
2022-09-09 16:03:39.910 DEBUG 13400 --- [SpringContextShutdownHook] o.s.w.c.s.GenericWebApplicationContext   : Closing org.springframework.web.context.support.GenericWebApplicationContext@757d6814, started on Fri Sep 09 16:03:30 KST 2022
2022-09-09 16:03:39.916  INFO 13400 --- [SpringContextShutdownHook] o.s.s.concurrent.ThreadPoolTaskExecutor  : Shutting down ExecutorService 'applicationTaskExecutor'
2022-09-09 16:03:39.924  INFO 13400 --- [SpringContextShutdownHook] j.LocalContainerEntityManagerFactoryBean : Closing JPA EntityManagerFactory for persistence unit 'default'
2022-09-09 16:03:39.927  INFO 13400 --- [SpringContextShutdownHook] com.zaxxer.hikari.HikariDataSource       : HikariPool-1 - Shutdown initiated...
2022-09-09 16:03:39.940  INFO 13400 --- [SpringContextShutdownHook] com.zaxxer.hikari.HikariDataSource       : HikariPool-1 - Shutdown completed.
2022-09-09 16:05:31.398  INFO 13248 --- [restartedMain] com.a606.A606Application                 : Starting A606Application using Java 1.8.0_192 on DESKTOP-PTCLTV4 with PID 13248 (C:\SSAFY\workspace\11_Project\S07P22A606\Backend\a606\a606\build\classes\java\main started by hwi in C:\SSAFY\workspace\11_Project\S07P22A606\Backend\a606\a606)
2022-09-09 16:05:31.402  INFO 13248 --- [restartedMain] com.a606.A606Application                 : No active profile set, falling back to default profiles: default
2022-09-09 16:05:31.471  INFO 13248 --- [restartedMain] .e.DevToolsPropertyDefaultsPostProcessor : Devtools property defaults active! Set 'spring.devtools.add-properties' to 'false' to disable
2022-09-09 16:05:31.472  INFO 13248 --- [restartedMain] .e.DevToolsPropertyDefaultsPostProcessor : For additional web related logging consider setting the 'logging.level.web' property to 'DEBUG'
2022-09-09 16:05:33.326  INFO 13248 --- [restartedMain] .s.d.r.c.RepositoryConfigurationDelegate : Bootstrapping Spring Data JPA repositories in DEFAULT mode.
2022-09-09 16:05:33.349  INFO 13248 --- [restartedMain] .s.d.r.c.RepositoryConfigurationDelegate : Finished Spring Data repository scanning in 11 ms. Found 0 JPA repository interfaces.
2022-09-09 16:05:34.764  INFO 13248 --- [restartedMain] o.s.b.w.embedded.tomcat.TomcatWebServer  : Tomcat initialized with port(s): 8080 (http)
2022-09-09 16:05:34.780  INFO 13248 --- [restartedMain] o.apache.catalina.core.StandardService   : Starting service [Tomcat]
2022-09-09 16:05:34.781  INFO 13248 --- [restartedMain] org.apache.catalina.core.StandardEngine  : Starting Servlet engine: [Apache Tomcat/9.0.45]
2022-09-09 16:05:34.969  INFO 13248 --- [restartedMain] o.a.c.c.C.[Tomcat].[localhost].[/]       : Initializing Spring embedded WebApplicationContext
2022-09-09 16:05:34.970  INFO 13248 --- [restartedMain] w.s.c.ServletWebServerApplicationContext : Root WebApplicationContext: initialization completed in 3497 ms
2022-09-09 16:05:35.237 DEBUG 13248 --- [restartedMain] o.s.w.f.CommonsRequestLoggingFilter      : Filter 'commonsRequestLoggingFilter' configured for use
2022-09-09 16:05:35.430  INFO 13248 --- [restartedMain] o.hibernate.jpa.internal.util.LogHelper  : HHH000204: Processing PersistenceUnitInfo [name: default]
2022-09-09 16:05:35.527  INFO 13248 --- [restartedMain] org.hibernate.Version                    : HHH000412: Hibernate ORM core version 5.4.30.Final
2022-09-09 16:05:35.814  INFO 13248 --- [restartedMain] o.hibernate.annotations.common.Version   : HCANN000001: Hibernate Commons Annotations {5.1.2.Final}
2022-09-09 16:05:35.994  INFO 13248 --- [restartedMain] com.zaxxer.hikari.HikariDataSource       : HikariPool-1 - Starting...
2022-09-09 16:05:36.324  INFO 13248 --- [restartedMain] com.zaxxer.hikari.HikariDataSource       : HikariPool-1 - Start completed.
2022-09-09 16:05:36.354  INFO 13248 --- [restartedMain] org.hibernate.dialect.Dialect            : HHH000400: Using dialect: org.hibernate.dialect.MySQL8Dialect
2022-09-09 16:05:36.805  INFO 13248 --- [restartedMain] o.h.e.t.j.p.i.JtaPlatformInitiator       : HHH000490: Using JtaPlatform implementation: [org.hibernate.engine.transaction.jta.platform.internal.NoJtaPlatform]
2022-09-09 16:05:36.818  INFO 13248 --- [restartedMain] j.LocalContainerEntityManagerFactoryBean : Initialized JPA EntityManagerFactory for persistence unit 'default'
2022-09-09 16:05:36.837  INFO 13248 --- [restartedMain] o.s.b.d.a.OptionalLiveReloadServer       : LiveReload server is running on port 35729
2022-09-09 16:05:37.262  WARN 13248 --- [restartedMain] JpaBaseConfiguration$JpaWebConfiguration : spring.jpa.open-in-view is enabled by default. Therefore, database queries may be performed during view rendering. Explicitly configure spring.jpa.open-in-view to disable this warning
2022-09-09 16:05:37.416 DEBUG 13248 --- [restartedMain] s.w.s.m.m.a.RequestMappingHandlerMapping : 7 mappings in 'requestMappingHandlerMapping'
2022-09-09 16:05:37.529  INFO 13248 --- [restartedMain] o.s.b.a.e.web.EndpointLinksResolver      : Exposing 2 endpoint(s) beneath base path '/actuator'
2022-09-09 16:05:37.769  INFO 13248 --- [restartedMain] o.s.s.concurrent.ThreadPoolTaskExecutor  : Initializing ExecutorService 'applicationTaskExecutor'
2022-09-09 16:05:37.784 DEBUG 13248 --- [restartedMain] s.w.s.m.m.a.RequestMappingHandlerAdapter : ControllerAdvice beans: 0 @ModelAttribute, 0 @InitBinder, 1 RequestBodyAdvice, 1 ResponseBodyAdvice
2022-09-09 16:05:37.863 DEBUG 13248 --- [restartedMain] o.s.w.s.handler.SimpleUrlHandlerMapping  : Patterns [/swagger-ui/] in 'viewControllerHandlerMapping'
2022-09-09 16:05:38.641 DEBUG 13248 --- [restartedMain] o.s.w.s.handler.SimpleUrlHandlerMapping  : Patterns [/resources/**, /swagger-ui.html, /webjars/**, /css/**, /fonts/**, /icons/**, /img/**, /js/**, /swagger-ui/**, /**] in 'resourceHandlerMapping'
2022-09-09 16:05:38.655 DEBUG 13248 --- [restartedMain] .m.m.a.ExceptionHandlerExceptionResolver : ControllerAdvice beans: 0 @ExceptionHandler, 1 ResponseBodyAdvice
2022-09-09 16:05:39.084  INFO 13248 --- [restartedMain] .s.s.UserDetailsServiceAutoConfiguration : 

Using generated security password: 2261d7fd-5da5-40c2-8c0f-9930f9eb50a3

2022-09-09 16:05:39.313  INFO 13248 --- [restartedMain] o.s.s.web.DefaultSecurityFilterChain     : Will secure any request with [org.springframework.security.web.context.request.async.WebAsyncManagerIntegrationFilter@2a977feb, org.springframework.security.web.context.SecurityContextPersistenceFilter@2c49d446, org.springframework.security.web.header.HeaderWriterFilter@333dfb6e, org.springframework.security.web.csrf.CsrfFilter@2d693497, org.springframework.security.web.authentication.logout.LogoutFilter@65634a66, org.springframework.security.web.authentication.UsernamePasswordAuthenticationFilter@57fcbe69, org.springframework.security.web.authentication.ui.DefaultLoginPageGeneratingFilter@2b7a4569, org.springframework.security.web.authentication.ui.DefaultLogoutPageGeneratingFilter@387a6ba4, org.springframework.security.web.authentication.www.BasicAuthenticationFilter@15657de4, org.springframework.security.web.savedrequest.RequestCacheAwareFilter@617f59fe, org.springframework.security.web.servletapi.SecurityContextHolderAwareRequestFilter@2df902ca, org.springframework.security.web.authentication.AnonymousAuthenticationFilter@64ebb12, org.springframework.security.web.session.SessionManagementFilter@4885f376, org.springframework.security.web.access.ExceptionTranslationFilter@3f7da98f, org.springframework.security.web.access.intercept.FilterSecurityInterceptor@1231336e]
2022-09-09 16:05:39.552  INFO 13248 --- [restartedMain] o.s.b.w.embedded.tomcat.TomcatWebServer  : Tomcat started on port(s): 8080 (http) with context path ''
2022-09-09 16:05:39.634  INFO 13248 --- [restartedMain] com.a606.A606Application                 : Started A606Application in 8.841 seconds (JVM running for 9.651)
2022-09-09 16:05:50.912  INFO 13248 --- [http-nio-8080-exec-1] o.a.c.c.C.[Tomcat].[localhost].[/]       : Initializing Spring DispatcherServlet 'dispatcherServlet'
2022-09-09 16:05:50.912  INFO 13248 --- [http-nio-8080-exec-1] o.s.web.servlet.DispatcherServlet        : Initializing Servlet 'dispatcherServlet'
2022-09-09 16:05:50.913 DEBUG 13248 --- [http-nio-8080-exec-1] o.s.web.servlet.DispatcherServlet        : Detected StandardServletMultipartResolver
2022-09-09 16:05:50.913 DEBUG 13248 --- [http-nio-8080-exec-1] o.s.web.servlet.DispatcherServlet        : Detected AcceptHeaderLocaleResolver
2022-09-09 16:05:50.913 DEBUG 13248 --- [http-nio-8080-exec-1] o.s.web.servlet.DispatcherServlet        : Detected FixedThemeResolver
2022-09-09 16:05:50.915 DEBUG 13248 --- [http-nio-8080-exec-1] o.s.web.servlet.DispatcherServlet        : Detected org.springframework.web.servlet.view.DefaultRequestToViewNameTranslator@2d17e9a1
2022-09-09 16:05:50.915 DEBUG 13248 --- [http-nio-8080-exec-1] o.s.web.servlet.DispatcherServlet        : Detected org.springframework.web.servlet.support.SessionFlashMapManager@15c15d95
2022-09-09 16:05:50.916 DEBUG 13248 --- [http-nio-8080-exec-1] o.s.web.servlet.DispatcherServlet        : enableLoggingRequestDetails='false': request parameters and headers will be masked to prevent unsafe logging of potentially sensitive data
2022-09-09 16:05:50.916  INFO 13248 --- [http-nio-8080-exec-1] o.s.web.servlet.DispatcherServlet        : Completed initialization in 4 ms
2022-09-09 16:11:36.040  INFO 13460 --- [restartedMain] com.a606.A606Application                 : Starting A606Application using Java 1.8.0_192 on DESKTOP-PTCLTV4 with PID 13460 (C:\SSAFY\workspace\11_Project\S07P22A606\Backend\a606\a606\build\classes\java\main started by hwi in C:\SSAFY\workspace\11_Project\S07P22A606\Backend\a606\a606)
2022-09-09 16:11:36.044  INFO 13460 --- [restartedMain] com.a606.A606Application                 : No active profile set, falling back to default profiles: default
2022-09-09 16:11:36.113  INFO 13460 --- [restartedMain] .e.DevToolsPropertyDefaultsPostProcessor : Devtools property defaults active! Set 'spring.devtools.add-properties' to 'false' to disable
2022-09-09 16:11:36.113  INFO 13460 --- [restartedMain] .e.DevToolsPropertyDefaultsPostProcessor : For additional web related logging consider setting the 'logging.level.web' property to 'DEBUG'
2022-09-09 16:11:37.954  INFO 13460 --- [restartedMain] .s.d.r.c.RepositoryConfigurationDelegate : Bootstrapping Spring Data JPA repositories in DEFAULT mode.
2022-09-09 16:11:37.981  INFO 13460 --- [restartedMain] .s.d.r.c.RepositoryConfigurationDelegate : Finished Spring Data repository scanning in 13 ms. Found 0 JPA repository interfaces.
2022-09-09 16:11:39.543  INFO 13460 --- [restartedMain] o.s.b.w.embedded.tomcat.TomcatWebServer  : Tomcat initialized with port(s): 8080 (http)
2022-09-09 16:11:39.559  INFO 13460 --- [restartedMain] o.apache.catalina.core.StandardService   : Starting service [Tomcat]
2022-09-09 16:11:39.560  INFO 13460 --- [restartedMain] org.apache.catalina.core.StandardEngine  : Starting Servlet engine: [Apache Tomcat/9.0.45]
2022-09-09 16:11:39.789  INFO 13460 --- [restartedMain] o.a.c.c.C.[Tomcat].[localhost].[/]       : Initializing Spring embedded WebApplicationContext
2022-09-09 16:11:39.789  INFO 13460 --- [restartedMain] w.s.c.ServletWebServerApplicationContext : Root WebApplicationContext: initialization completed in 3675 ms
2022-09-09 16:11:40.058 DEBUG 13460 --- [restartedMain] o.s.w.f.CommonsRequestLoggingFilter      : Filter 'commonsRequestLoggingFilter' configured for use
2022-09-09 16:11:40.254  INFO 13460 --- [restartedMain] o.hibernate.jpa.internal.util.LogHelper  : HHH000204: Processing PersistenceUnitInfo [name: default]
2022-09-09 16:11:40.340  INFO 13460 --- [restartedMain] org.hibernate.Version                    : HHH000412: Hibernate ORM core version 5.4.30.Final
2022-09-09 16:11:40.578  INFO 13460 --- [restartedMain] o.hibernate.annotations.common.Version   : HCANN000001: Hibernate Commons Annotations {5.1.2.Final}
2022-09-09 16:11:40.768  INFO 13460 --- [restartedMain] com.zaxxer.hikari.HikariDataSource       : HikariPool-1 - Starting...
2022-09-09 16:11:41.129  INFO 13460 --- [restartedMain] com.zaxxer.hikari.HikariDataSource       : HikariPool-1 - Start completed.
2022-09-09 16:11:41.165  INFO 13460 --- [restartedMain] org.hibernate.dialect.Dialect            : HHH000400: Using dialect: org.hibernate.dialect.MySQL8Dialect
2022-09-09 16:11:41.621  INFO 13460 --- [restartedMain] o.h.e.t.j.p.i.JtaPlatformInitiator       : HHH000490: Using JtaPlatform implementation: [org.hibernate.engine.transaction.jta.platform.internal.NoJtaPlatform]
2022-09-09 16:11:41.636  INFO 13460 --- [restartedMain] j.LocalContainerEntityManagerFactoryBean : Initialized JPA EntityManagerFactory for persistence unit 'default'
2022-09-09 16:11:41.657  INFO 13460 --- [restartedMain] o.s.b.d.a.OptionalLiveReloadServer       : LiveReload server is running on port 35729
2022-09-09 16:11:42.109  WARN 13460 --- [restartedMain] JpaBaseConfiguration$JpaWebConfiguration : spring.jpa.open-in-view is enabled by default. Therefore, database queries may be performed during view rendering. Explicitly configure spring.jpa.open-in-view to disable this warning
2022-09-09 16:11:42.248 DEBUG 13460 --- [restartedMain] s.w.s.m.m.a.RequestMappingHandlerMapping : 7 mappings in 'requestMappingHandlerMapping'
2022-09-09 16:11:42.384  INFO 13460 --- [restartedMain] o.s.b.a.e.web.EndpointLinksResolver      : Exposing 2 endpoint(s) beneath base path '/actuator'
2022-09-09 16:11:42.662  INFO 13460 --- [restartedMain] o.s.s.concurrent.ThreadPoolTaskExecutor  : Initializing ExecutorService 'applicationTaskExecutor'
2022-09-09 16:11:42.681 DEBUG 13460 --- [restartedMain] s.w.s.m.m.a.RequestMappingHandlerAdapter : ControllerAdvice beans: 0 @ModelAttribute, 0 @InitBinder, 1 RequestBodyAdvice, 1 ResponseBodyAdvice
2022-09-09 16:11:42.774 DEBUG 13460 --- [restartedMain] o.s.w.s.handler.SimpleUrlHandlerMapping  : Patterns [/swagger-ui/] in 'viewControllerHandlerMapping'
2022-09-09 16:11:43.623 DEBUG 13460 --- [restartedMain] o.s.w.s.handler.SimpleUrlHandlerMapping  : Patterns [/resources/**, /swagger-ui.html, /webjars/**, /css/**, /fonts/**, /icons/**, /img/**, /js/**, /swagger-ui/**, /**] in 'resourceHandlerMapping'
2022-09-09 16:11:43.640 DEBUG 13460 --- [restartedMain] .m.m.a.ExceptionHandlerExceptionResolver : ControllerAdvice beans: 0 @ExceptionHandler, 1 ResponseBodyAdvice
2022-09-09 16:11:44.113  INFO 13460 --- [restartedMain] .s.s.UserDetailsServiceAutoConfiguration : 

Using generated security password: f398007d-22d6-41ca-b3cf-0f651609d91f

2022-09-09 16:11:44.393  INFO 13460 --- [restartedMain] o.s.s.web.DefaultSecurityFilterChain     : Will secure any request with [org.springframework.security.web.context.request.async.WebAsyncManagerIntegrationFilter@736419be, org.springframework.security.web.context.SecurityContextPersistenceFilter@34aaee1d, org.springframework.security.web.header.HeaderWriterFilter@2744f4a0, org.springframework.security.web.csrf.CsrfFilter@675fffad, org.springframework.security.web.authentication.logout.LogoutFilter@99cf4c7, org.springframework.security.web.authentication.UsernamePasswordAuthenticationFilter@34926b35, org.springframework.security.web.authentication.ui.DefaultLoginPageGeneratingFilter@5ec88727, org.springframework.security.web.authentication.ui.DefaultLogoutPageGeneratingFilter@2bd06a92, org.springframework.security.web.authentication.www.BasicAuthenticationFilter@635c75a7, org.springframework.security.web.savedrequest.RequestCacheAwareFilter@3477d58, org.springframework.security.web.servletapi.SecurityContextHolderAwareRequestFilter@9437c08, org.springframework.security.web.authentication.AnonymousAuthenticationFilter@2b21c302, org.springframework.security.web.session.SessionManagementFilter@2514229b, org.springframework.security.web.access.ExceptionTranslationFilter@2cb29d64, org.springframework.security.web.access.intercept.FilterSecurityInterceptor@18b07839]
2022-09-09 16:11:44.664  INFO 13460 --- [restartedMain] o.s.b.w.embedded.tomcat.TomcatWebServer  : Tomcat started on port(s): 8080 (http) with context path ''
2022-09-09 16:11:44.749  INFO 13460 --- [restartedMain] com.a606.A606Application                 : Started A606Application in 9.391 seconds (JVM running for 10.416)
2022-09-09 16:11:48.632  INFO 13460 --- [http-nio-8080-exec-2] o.a.c.c.C.[Tomcat].[localhost].[/]       : Initializing Spring DispatcherServlet 'dispatcherServlet'
2022-09-09 16:11:48.633  INFO 13460 --- [http-nio-8080-exec-2] o.s.web.servlet.DispatcherServlet        : Initializing Servlet 'dispatcherServlet'
2022-09-09 16:11:48.633 DEBUG 13460 --- [http-nio-8080-exec-2] o.s.web.servlet.DispatcherServlet        : Detected StandardServletMultipartResolver
2022-09-09 16:11:48.633 DEBUG 13460 --- [http-nio-8080-exec-2] o.s.web.servlet.DispatcherServlet        : Detected AcceptHeaderLocaleResolver
2022-09-09 16:11:48.634 DEBUG 13460 --- [http-nio-8080-exec-2] o.s.web.servlet.DispatcherServlet        : Detected FixedThemeResolver
2022-09-09 16:11:48.635 DEBUG 13460 --- [http-nio-8080-exec-2] o.s.web.servlet.DispatcherServlet        : Detected org.springframework.web.servlet.view.DefaultRequestToViewNameTranslator@3a10ef91
2022-09-09 16:11:48.636 DEBUG 13460 --- [http-nio-8080-exec-2] o.s.web.servlet.DispatcherServlet        : Detected org.springframework.web.servlet.support.SessionFlashMapManager@832c3f4
2022-09-09 16:11:48.637 DEBUG 13460 --- [http-nio-8080-exec-2] o.s.web.servlet.DispatcherServlet        : enableLoggingRequestDetails='false': request parameters and headers will be masked to prevent unsafe logging of potentially sensitive data
2022-09-09 16:11:48.637  INFO 13460 --- [http-nio-8080-exec-2] o.s.web.servlet.DispatcherServlet        : Completed initialization in 4 ms
2022-09-09 16:18:07.084  INFO 3016 --- [restartedMain] com.a606.A606Application                 : Starting A606Application using Java 1.8.0_192 on DESKTOP-PTCLTV4 with PID 3016 (C:\SSAFY\workspace\11_Project\S07P22A606\Backend\a606\a606\build\classes\java\main started by hwi in C:\SSAFY\workspace\11_Project\S07P22A606\Backend\a606\a606)
2022-09-09 16:18:07.088  INFO 3016 --- [restartedMain] com.a606.A606Application                 : No active profile set, falling back to default profiles: default
2022-09-09 16:18:07.160  INFO 3016 --- [restartedMain] .e.DevToolsPropertyDefaultsPostProcessor : Devtools property defaults active! Set 'spring.devtools.add-properties' to 'false' to disable
2022-09-09 16:18:07.160  INFO 3016 --- [restartedMain] .e.DevToolsPropertyDefaultsPostProcessor : For additional web related logging consider setting the 'logging.level.web' property to 'DEBUG'
2022-09-09 16:18:08.955  INFO 3016 --- [restartedMain] .s.d.r.c.RepositoryConfigurationDelegate : Bootstrapping Spring Data JPA repositories in DEFAULT mode.
2022-09-09 16:18:08.975  INFO 3016 --- [restartedMain] .s.d.r.c.RepositoryConfigurationDelegate : Finished Spring Data repository scanning in 9 ms. Found 0 JPA repository interfaces.
2022-09-09 16:18:10.531  INFO 3016 --- [restartedMain] o.s.b.w.embedded.tomcat.TomcatWebServer  : Tomcat initialized with port(s): 8080 (http)
2022-09-09 16:18:10.549  INFO 3016 --- [restartedMain] o.apache.catalina.core.StandardService   : Starting service [Tomcat]
2022-09-09 16:18:10.550  INFO 3016 --- [restartedMain] org.apache.catalina.core.StandardEngine  : Starting Servlet engine: [Apache Tomcat/9.0.45]
2022-09-09 16:18:10.762  INFO 3016 --- [restartedMain] o.a.c.c.C.[Tomcat].[localhost].[/]       : Initializing Spring embedded WebApplicationContext
2022-09-09 16:18:10.763  INFO 3016 --- [restartedMain] w.s.c.ServletWebServerApplicationContext : Root WebApplicationContext: initialization completed in 3602 ms
2022-09-09 16:18:11.178  INFO 3016 --- [restartedMain] o.hibernate.jpa.internal.util.LogHelper  : HHH000204: Processing PersistenceUnitInfo [name: default]
2022-09-09 16:18:11.281  INFO 3016 --- [restartedMain] org.hibernate.Version                    : HHH000412: Hibernate ORM core version 5.4.30.Final
2022-09-09 16:18:11.561  INFO 3016 --- [restartedMain] o.hibernate.annotations.common.Version   : HCANN000001: Hibernate Commons Annotations {5.1.2.Final}
2022-09-09 16:18:11.760  INFO 3016 --- [restartedMain] com.zaxxer.hikari.HikariDataSource       : HikariPool-1 - Starting...
2022-09-09 16:18:12.128  INFO 3016 --- [restartedMain] com.zaxxer.hikari.HikariDataSource       : HikariPool-1 - Start completed.
2022-09-09 16:18:12.168  INFO 3016 --- [restartedMain] org.hibernate.dialect.Dialect            : HHH000400: Using dialect: org.hibernate.dialect.MySQL8Dialect
2022-09-09 16:18:12.601  INFO 3016 --- [restartedMain] o.h.e.t.j.p.i.JtaPlatformInitiator       : HHH000490: Using JtaPlatform implementation: [org.hibernate.engine.transaction.jta.platform.internal.NoJtaPlatform]
2022-09-09 16:18:12.616  INFO 3016 --- [restartedMain] j.LocalContainerEntityManagerFactoryBean : Initialized JPA EntityManagerFactory for persistence unit 'default'
2022-09-09 16:18:12.636  INFO 3016 --- [restartedMain] o.s.b.d.a.OptionalLiveReloadServer       : LiveReload server is running on port 35729
2022-09-09 16:18:13.131  WARN 3016 --- [restartedMain] JpaBaseConfiguration$JpaWebConfiguration : spring.jpa.open-in-view is enabled by default. Therefore, database queries may be performed during view rendering. Explicitly configure spring.jpa.open-in-view to disable this warning
2022-09-09 16:18:13.276 DEBUG 3016 --- [restartedMain] s.w.s.m.m.a.RequestMappingHandlerMapping : 7 mappings in 'requestMappingHandlerMapping'
2022-09-09 16:18:13.410  INFO 3016 --- [restartedMain] o.s.b.a.e.web.EndpointLinksResolver      : Exposing 2 endpoint(s) beneath base path '/actuator'
2022-09-09 16:18:13.658  INFO 3016 --- [restartedMain] o.s.s.concurrent.ThreadPoolTaskExecutor  : Initializing ExecutorService 'applicationTaskExecutor'
2022-09-09 16:18:13.671 DEBUG 3016 --- [restartedMain] s.w.s.m.m.a.RequestMappingHandlerAdapter : ControllerAdvice beans: 0 @ModelAttribute, 0 @InitBinder, 1 RequestBodyAdvice, 1 ResponseBodyAdvice
2022-09-09 16:18:13.745 DEBUG 3016 --- [restartedMain] o.s.w.s.handler.SimpleUrlHandlerMapping  : Patterns [/swagger-ui/] in 'viewControllerHandlerMapping'
2022-09-09 16:18:14.701 DEBUG 3016 --- [restartedMain] o.s.w.s.handler.SimpleUrlHandlerMapping  : Patterns [/swagger-ui/**, /webjars/**, /**] in 'resourceHandlerMapping'
2022-09-09 16:18:14.722 DEBUG 3016 --- [restartedMain] .m.m.a.ExceptionHandlerExceptionResolver : ControllerAdvice beans: 0 @ExceptionHandler, 1 ResponseBodyAdvice
2022-09-09 16:18:15.243  INFO 3016 --- [restartedMain] .s.s.UserDetailsServiceAutoConfiguration : 

Using generated security password: f5484793-e0d3-4a8d-92e5-79a7c0d723e1

2022-09-09 16:18:15.518  INFO 3016 --- [restartedMain] o.s.s.web.DefaultSecurityFilterChain     : Will secure any request with [org.springframework.security.web.context.request.async.WebAsyncManagerIntegrationFilter@164d6241, org.springframework.security.web.context.SecurityContextPersistenceFilter@17fb0c31, org.springframework.security.web.header.HeaderWriterFilter@2dc72a2e, org.springframework.security.web.csrf.CsrfFilter@380c6aa6, org.springframework.security.web.authentication.logout.LogoutFilter@5ea27ed0, org.springframework.security.web.authentication.UsernamePasswordAuthenticationFilter@60ae793a, org.springframework.security.web.authentication.ui.DefaultLoginPageGeneratingFilter@fa0dc73, org.springframework.security.web.authentication.ui.DefaultLogoutPageGeneratingFilter@aedf3f9, org.springframework.security.web.authentication.www.BasicAuthenticationFilter@6bb5201f, org.springframework.security.web.savedrequest.RequestCacheAwareFilter@27179247, org.springframework.security.web.servletapi.SecurityContextHolderAwareRequestFilter@72d80c9, org.springframework.security.web.authentication.AnonymousAuthenticationFilter@489a9f63, org.springframework.security.web.session.SessionManagementFilter@7b22da9, org.springframework.security.web.access.ExceptionTranslationFilter@2c787f80, org.springframework.security.web.access.intercept.FilterSecurityInterceptor@5f4e031c]
2022-09-09 16:18:15.775  INFO 3016 --- [restartedMain] o.s.b.w.embedded.tomcat.TomcatWebServer  : Tomcat started on port(s): 8080 (http) with context path ''
2022-09-09 16:18:15.878  INFO 3016 --- [restartedMain] com.a606.A606Application                 : Started A606Application in 9.42 seconds (JVM running for 10.383)
2022-09-09 16:18:26.129  INFO 3016 --- [http-nio-8080-exec-1] o.a.c.c.C.[Tomcat].[localhost].[/]       : Initializing Spring DispatcherServlet 'dispatcherServlet'
2022-09-09 16:18:26.130  INFO 3016 --- [http-nio-8080-exec-1] o.s.web.servlet.DispatcherServlet        : Initializing Servlet 'dispatcherServlet'
2022-09-09 16:18:26.131 DEBUG 3016 --- [http-nio-8080-exec-1] o.s.web.servlet.DispatcherServlet        : Detected StandardServletMultipartResolver
2022-09-09 16:18:26.131 DEBUG 3016 --- [http-nio-8080-exec-1] o.s.web.servlet.DispatcherServlet        : Detected AcceptHeaderLocaleResolver
2022-09-09 16:18:26.132 DEBUG 3016 --- [http-nio-8080-exec-1] o.s.web.servlet.DispatcherServlet        : Detected FixedThemeResolver
2022-09-09 16:18:26.133 DEBUG 3016 --- [http-nio-8080-exec-1] o.s.web.servlet.DispatcherServlet        : Detected org.springframework.web.servlet.view.DefaultRequestToViewNameTranslator@757d8aaf
2022-09-09 16:18:26.134 DEBUG 3016 --- [http-nio-8080-exec-1] o.s.web.servlet.DispatcherServlet        : Detected org.springframework.web.servlet.support.SessionFlashMapManager@4074586d
2022-09-09 16:18:26.134 DEBUG 3016 --- [http-nio-8080-exec-1] o.s.web.servlet.DispatcherServlet        : enableLoggingRequestDetails='false': request parameters and headers will be masked to prevent unsafe logging of potentially sensitive data
2022-09-09 16:18:26.134  INFO 3016 --- [http-nio-8080-exec-1] o.s.web.servlet.DispatcherServlet        : Completed initialization in 4 ms
2022-09-09 16:20:13.450  INFO 33036 --- [restartedMain] com.a606.A606Application                 : Starting A606Application using Java 1.8.0_192 on DESKTOP-PTCLTV4 with PID 33036 (C:\SSAFY\workspace\11_Project\S07P22A606\Backend\a606\a606\build\classes\java\main started by hwi in C:\SSAFY\workspace\11_Project\S07P22A606\Backend\a606\a606)
2022-09-09 16:20:13.455  INFO 33036 --- [restartedMain] com.a606.A606Application                 : No active profile set, falling back to default profiles: default
2022-09-09 16:20:13.526  INFO 33036 --- [restartedMain] .e.DevToolsPropertyDefaultsPostProcessor : Devtools property defaults active! Set 'spring.devtools.add-properties' to 'false' to disable
2022-09-09 16:20:13.526  INFO 33036 --- [restartedMain] .e.DevToolsPropertyDefaultsPostProcessor : For additional web related logging consider setting the 'logging.level.web' property to 'DEBUG'
2022-09-09 16:20:15.329  INFO 33036 --- [restartedMain] .s.d.r.c.RepositoryConfigurationDelegate : Bootstrapping Spring Data JPA repositories in DEFAULT mode.
2022-09-09 16:20:15.351  INFO 33036 --- [restartedMain] .s.d.r.c.RepositoryConfigurationDelegate : Finished Spring Data repository scanning in 9 ms. Found 0 JPA repository interfaces.
2022-09-09 16:20:16.892  INFO 33036 --- [restartedMain] o.s.b.w.embedded.tomcat.TomcatWebServer  : Tomcat initialized with port(s): 8080 (http)
2022-09-09 16:20:16.909  INFO 33036 --- [restartedMain] o.apache.catalina.core.StandardService   : Starting service [Tomcat]
2022-09-09 16:20:16.910  INFO 33036 --- [restartedMain] org.apache.catalina.core.StandardEngine  : Starting Servlet engine: [Apache Tomcat/9.0.45]
2022-09-09 16:20:17.115  INFO 33036 --- [restartedMain] o.a.c.c.C.[Tomcat].[localhost].[/]       : Initializing Spring embedded WebApplicationContext
2022-09-09 16:20:17.115  INFO 33036 --- [restartedMain] w.s.c.ServletWebServerApplicationContext : Root WebApplicationContext: initialization completed in 3587 ms
2022-09-09 16:20:17.522  INFO 33036 --- [restartedMain] o.hibernate.jpa.internal.util.LogHelper  : HHH000204: Processing PersistenceUnitInfo [name: default]
2022-09-09 16:20:17.631  INFO 33036 --- [restartedMain] org.hibernate.Version                    : HHH000412: Hibernate ORM core version 5.4.30.Final
2022-09-09 16:20:17.840  INFO 33036 --- [restartedMain] o.hibernate.annotations.common.Version   : HCANN000001: Hibernate Commons Annotations {5.1.2.Final}
2022-09-09 16:20:18.015  INFO 33036 --- [restartedMain] com.zaxxer.hikari.HikariDataSource       : HikariPool-1 - Starting...
2022-09-09 16:20:18.343  INFO 33036 --- [restartedMain] com.zaxxer.hikari.HikariDataSource       : HikariPool-1 - Start completed.
2022-09-09 16:20:18.375  INFO 33036 --- [restartedMain] org.hibernate.dialect.Dialect            : HHH000400: Using dialect: org.hibernate.dialect.MySQL8Dialect
2022-09-09 16:20:18.780  INFO 33036 --- [restartedMain] o.h.e.t.j.p.i.JtaPlatformInitiator       : HHH000490: Using JtaPlatform implementation: [org.hibernate.engine.transaction.jta.platform.internal.NoJtaPlatform]
2022-09-09 16:20:18.795  INFO 33036 --- [restartedMain] j.LocalContainerEntityManagerFactoryBean : Initialized JPA EntityManagerFactory for persistence unit 'default'
2022-09-09 16:20:18.817  INFO 33036 --- [restartedMain] o.s.b.d.a.OptionalLiveReloadServer       : LiveReload server is running on port 35729
2022-09-09 16:20:19.314  WARN 33036 --- [restartedMain] JpaBaseConfiguration$JpaWebConfiguration : spring.jpa.open-in-view is enabled by default. Therefore, database queries may be performed during view rendering. Explicitly configure spring.jpa.open-in-view to disable this warning
2022-09-09 16:20:19.470 DEBUG 33036 --- [restartedMain] s.w.s.m.m.a.RequestMappingHandlerMapping : 7 mappings in 'requestMappingHandlerMapping'
2022-09-09 16:20:19.614  INFO 33036 --- [restartedMain] o.s.b.a.e.web.EndpointLinksResolver      : Exposing 2 endpoint(s) beneath base path '/actuator'
2022-09-09 16:20:19.897  INFO 33036 --- [restartedMain] o.s.s.concurrent.ThreadPoolTaskExecutor  : Initializing ExecutorService 'applicationTaskExecutor'
2022-09-09 16:20:19.910 DEBUG 33036 --- [restartedMain] s.w.s.m.m.a.RequestMappingHandlerAdapter : ControllerAdvice beans: 0 @ModelAttribute, 0 @InitBinder, 1 RequestBodyAdvice, 1 ResponseBodyAdvice
2022-09-09 16:20:19.981 DEBUG 33036 --- [restartedMain] o.s.w.s.handler.SimpleUrlHandlerMapping  : Patterns [/swagger-ui/] in 'viewControllerHandlerMapping'
2022-09-09 16:20:20.987 DEBUG 33036 --- [restartedMain] o.s.w.s.handler.SimpleUrlHandlerMapping  : Patterns [/swagger-ui/**, /webjars/**, /**] in 'resourceHandlerMapping'
2022-09-09 16:20:21.000 DEBUG 33036 --- [restartedMain] .m.m.a.ExceptionHandlerExceptionResolver : ControllerAdvice beans: 0 @ExceptionHandler, 1 ResponseBodyAdvice
2022-09-09 16:20:21.434  INFO 33036 --- [restartedMain] .s.s.UserDetailsServiceAutoConfiguration : 

Using generated security password: b7eb77a5-cf5f-409f-8963-80cee5d4237d

2022-09-09 16:20:21.675  INFO 33036 --- [restartedMain] o.s.s.web.DefaultSecurityFilterChain     : Will secure any request with [org.springframework.security.web.context.request.async.WebAsyncManagerIntegrationFilter@e164ad8, org.springframework.security.web.context.SecurityContextPersistenceFilter@73656613, org.springframework.security.web.header.HeaderWriterFilter@50ac88a8, org.springframework.security.web.csrf.CsrfFilter@56e7b5ac, org.springframework.security.web.authentication.logout.LogoutFilter@76f4d79c, org.springframework.security.web.authentication.UsernamePasswordAuthenticationFilter@1254d74d, org.springframework.security.web.authentication.ui.DefaultLoginPageGeneratingFilter@6dfde3d7, org.springframework.security.web.authentication.ui.DefaultLogoutPageGeneratingFilter@1b4f06d2, org.springframework.security.web.authentication.www.BasicAuthenticationFilter@387b933f, org.springframework.security.web.savedrequest.RequestCacheAwareFilter@e4bb540, org.springframework.security.web.servletapi.SecurityContextHolderAwareRequestFilter@3d816ee4, org.springframework.security.web.authentication.AnonymousAuthenticationFilter@7fc99cef, org.springframework.security.web.session.SessionManagementFilter@747374ff, org.springframework.security.web.access.ExceptionTranslationFilter@6e55f277, org.springframework.security.web.access.intercept.FilterSecurityInterceptor@6f87b9f0]
2022-09-09 16:20:21.928  INFO 33036 --- [restartedMain] o.s.b.w.embedded.tomcat.TomcatWebServer  : Tomcat started on port(s): 8080 (http) with context path ''
2022-09-09 16:20:22.020  INFO 33036 --- [restartedMain] com.a606.A606Application                 : Started A606Application in 9.184 seconds (JVM running for 10.121)
2022-09-09 16:20:28.490  INFO 33036 --- [http-nio-8080-exec-2] o.a.c.c.C.[Tomcat].[localhost].[/]       : Initializing Spring DispatcherServlet 'dispatcherServlet'
2022-09-09 16:20:28.491  INFO 33036 --- [http-nio-8080-exec-2] o.s.web.servlet.DispatcherServlet        : Initializing Servlet 'dispatcherServlet'
2022-09-09 16:20:28.491 DEBUG 33036 --- [http-nio-8080-exec-2] o.s.web.servlet.DispatcherServlet        : Detected StandardServletMultipartResolver
2022-09-09 16:20:28.491 DEBUG 33036 --- [http-nio-8080-exec-2] o.s.web.servlet.DispatcherServlet        : Detected AcceptHeaderLocaleResolver
2022-09-09 16:20:28.492 DEBUG 33036 --- [http-nio-8080-exec-2] o.s.web.servlet.DispatcherServlet        : Detected FixedThemeResolver
2022-09-09 16:20:28.494 DEBUG 33036 --- [http-nio-8080-exec-2] o.s.web.servlet.DispatcherServlet        : Detected org.springframework.web.servlet.view.DefaultRequestToViewNameTranslator@635e0fce
2022-09-09 16:20:28.495 DEBUG 33036 --- [http-nio-8080-exec-2] o.s.web.servlet.DispatcherServlet        : Detected org.springframework.web.servlet.support.SessionFlashMapManager@6f5dcbfd
2022-09-09 16:20:28.495 DEBUG 33036 --- [http-nio-8080-exec-2] o.s.web.servlet.DispatcherServlet        : enableLoggingRequestDetails='false': request parameters and headers will be masked to prevent unsafe logging of potentially sensitive data
2022-09-09 16:20:28.496  INFO 33036 --- [http-nio-8080-exec-2] o.s.web.servlet.DispatcherServlet        : Completed initialization in 5 ms
2022-09-09 16:23:40.893  INFO 10712 --- [restartedMain] com.a606.A606Application                 : Starting A606Application using Java 1.8.0_192 on DESKTOP-PTCLTV4 with PID 10712 (C:\SSAFY\workspace\11_Project\S07P22A606\Backend\a606\a606\build\classes\java\main started by hwi in C:\SSAFY\workspace\11_Project\S07P22A606\Backend\a606\a606)
2022-09-09 16:23:40.898  INFO 10712 --- [restartedMain] com.a606.A606Application                 : No active profile set, falling back to default profiles: default
2022-09-09 16:23:40.973  INFO 10712 --- [restartedMain] .e.DevToolsPropertyDefaultsPostProcessor : Devtools property defaults active! Set 'spring.devtools.add-properties' to 'false' to disable
2022-09-09 16:23:40.974  INFO 10712 --- [restartedMain] .e.DevToolsPropertyDefaultsPostProcessor : For additional web related logging consider setting the 'logging.level.web' property to 'DEBUG'
2022-09-09 16:23:42.822  INFO 10712 --- [restartedMain] .s.d.r.c.RepositoryConfigurationDelegate : Bootstrapping Spring Data JPA repositories in DEFAULT mode.
2022-09-09 16:23:42.845  INFO 10712 --- [restartedMain] .s.d.r.c.RepositoryConfigurationDelegate : Finished Spring Data repository scanning in 12 ms. Found 0 JPA repository interfaces.
2022-09-09 16:23:44.513  INFO 10712 --- [restartedMain] o.s.b.w.embedded.tomcat.TomcatWebServer  : Tomcat initialized with port(s): 8080 (http)
2022-09-09 16:23:44.531  INFO 10712 --- [restartedMain] o.apache.catalina.core.StandardService   : Starting service [Tomcat]
2022-09-09 16:23:44.532  INFO 10712 --- [restartedMain] org.apache.catalina.core.StandardEngine  : Starting Servlet engine: [Apache Tomcat/9.0.45]
2022-09-09 16:23:44.763  INFO 10712 --- [restartedMain] o.a.c.c.C.[Tomcat].[localhost].[/]       : Initializing Spring embedded WebApplicationContext
2022-09-09 16:23:44.764  INFO 10712 --- [restartedMain] w.s.c.ServletWebServerApplicationContext : Root WebApplicationContext: initialization completed in 3789 ms
2022-09-09 16:23:45.031 DEBUG 10712 --- [restartedMain] o.s.w.f.CommonsRequestLoggingFilter      : Filter 'commonsRequestLoggingFilter' configured for use
2022-09-09 16:23:45.224  INFO 10712 --- [restartedMain] o.hibernate.jpa.internal.util.LogHelper  : HHH000204: Processing PersistenceUnitInfo [name: default]
2022-09-09 16:23:45.334  INFO 10712 --- [restartedMain] org.hibernate.Version                    : HHH000412: Hibernate ORM core version 5.4.30.Final
2022-09-09 16:23:45.589  INFO 10712 --- [restartedMain] o.hibernate.annotations.common.Version   : HCANN000001: Hibernate Commons Annotations {5.1.2.Final}
2022-09-09 16:23:45.808  INFO 10712 --- [restartedMain] com.zaxxer.hikari.HikariDataSource       : HikariPool-1 - Starting...
2022-09-09 16:23:46.139  INFO 10712 --- [restartedMain] com.zaxxer.hikari.HikariDataSource       : HikariPool-1 - Start completed.
2022-09-09 16:23:46.167  INFO 10712 --- [restartedMain] org.hibernate.dialect.Dialect            : HHH000400: Using dialect: org.hibernate.dialect.MySQL8Dialect
2022-09-09 16:23:46.569  INFO 10712 --- [restartedMain] o.h.e.t.j.p.i.JtaPlatformInitiator       : HHH000490: Using JtaPlatform implementation: [org.hibernate.engine.transaction.jta.platform.internal.NoJtaPlatform]
2022-09-09 16:23:46.583  INFO 10712 --- [restartedMain] j.LocalContainerEntityManagerFactoryBean : Initialized JPA EntityManagerFactory for persistence unit 'default'
2022-09-09 16:23:46.602  INFO 10712 --- [restartedMain] o.s.b.d.a.OptionalLiveReloadServer       : LiveReload server is running on port 35729
2022-09-09 16:23:47.043  WARN 10712 --- [restartedMain] JpaBaseConfiguration$JpaWebConfiguration : spring.jpa.open-in-view is enabled by default. Therefore, database queries may be performed during view rendering. Explicitly configure spring.jpa.open-in-view to disable this warning
2022-09-09 16:23:47.203 DEBUG 10712 --- [restartedMain] s.w.s.m.m.a.RequestMappingHandlerMapping : 8 mappings in 'requestMappingHandlerMapping'
2022-09-09 16:23:47.328  INFO 10712 --- [restartedMain] o.s.b.a.e.web.EndpointLinksResolver      : Exposing 2 endpoint(s) beneath base path '/actuator'
2022-09-09 16:23:47.579  INFO 10712 --- [restartedMain] o.s.s.concurrent.ThreadPoolTaskExecutor  : Initializing ExecutorService 'applicationTaskExecutor'
2022-09-09 16:23:47.595 DEBUG 10712 --- [restartedMain] s.w.s.m.m.a.RequestMappingHandlerAdapter : ControllerAdvice beans: 0 @ModelAttribute, 0 @InitBinder, 1 RequestBodyAdvice, 1 ResponseBodyAdvice
2022-09-09 16:23:47.677 DEBUG 10712 --- [restartedMain] o.s.w.s.handler.SimpleUrlHandlerMapping  : Patterns [/swagger-ui/] in 'viewControllerHandlerMapping'
2022-09-09 16:23:48.375 DEBUG 10712 --- [restartedMain] o.s.w.s.handler.SimpleUrlHandlerMapping  : Patterns [/resources/**, /swagger-ui.html, /webjars/**, /css/**, /fonts/**, /icons/**, /img/**, /js/**, /swagger-ui/**, /**] in 'resourceHandlerMapping'
2022-09-09 16:23:48.387 DEBUG 10712 --- [restartedMain] .m.m.a.ExceptionHandlerExceptionResolver : ControllerAdvice beans: 0 @ExceptionHandler, 1 ResponseBodyAdvice
2022-09-09 16:23:48.811  INFO 10712 --- [restartedMain] .s.s.UserDetailsServiceAutoConfiguration : 

Using generated security password: 8ef5596f-00f0-46f9-bfe9-c9d477a52230

2022-09-09 16:23:49.017  INFO 10712 --- [restartedMain] o.s.s.web.DefaultSecurityFilterChain     : Will secure any request with [org.springframework.security.web.context.request.async.WebAsyncManagerIntegrationFilter@4b16df51, org.springframework.security.web.context.SecurityContextPersistenceFilter@303d0461, org.springframework.security.web.header.HeaderWriterFilter@253b6108, org.springframework.security.web.csrf.CsrfFilter@1c643940, org.springframework.security.web.authentication.logout.LogoutFilter@60dad672, org.springframework.security.web.authentication.UsernamePasswordAuthenticationFilter@2698a63b, org.springframework.security.web.authentication.ui.DefaultLoginPageGeneratingFilter@1ab1cd3a, org.springframework.security.web.authentication.ui.DefaultLogoutPageGeneratingFilter@28b966e, org.springframework.security.web.authentication.www.BasicAuthenticationFilter@24e25ba2, org.springframework.security.web.savedrequest.RequestCacheAwareFilter@b013af6, org.springframework.security.web.servletapi.SecurityContextHolderAwareRequestFilter@7df98d60, org.springframework.security.web.authentication.AnonymousAuthenticationFilter@3482e2d6, org.springframework.security.web.session.SessionManagementFilter@357d8f13, org.springframework.security.web.access.ExceptionTranslationFilter@2b7a4569, org.springframework.security.web.access.intercept.FilterSecurityInterceptor@1663cb6d]
2022-09-09 16:23:49.232  INFO 10712 --- [restartedMain] o.s.b.w.embedded.tomcat.TomcatWebServer  : Tomcat started on port(s): 8080 (http) with context path ''
2022-09-09 16:23:49.419  INFO 10712 --- [restartedMain] com.a606.A606Application                 : Started A606Application in 9.205 seconds (JVM running for 10.161)
2022-09-09 16:24:04.787  INFO 10712 --- [http-nio-8080-exec-2] o.a.c.c.C.[Tomcat].[localhost].[/]       : Initializing Spring DispatcherServlet 'dispatcherServlet'
2022-09-09 16:24:04.789  INFO 10712 --- [http-nio-8080-exec-2] o.s.web.servlet.DispatcherServlet        : Initializing Servlet 'dispatcherServlet'
2022-09-09 16:24:04.790 DEBUG 10712 --- [http-nio-8080-exec-2] o.s.web.servlet.DispatcherServlet        : Detected StandardServletMultipartResolver
2022-09-09 16:24:04.791 DEBUG 10712 --- [http-nio-8080-exec-2] o.s.web.servlet.DispatcherServlet        : Detected AcceptHeaderLocaleResolver
2022-09-09 16:24:04.791 DEBUG 10712 --- [http-nio-8080-exec-2] o.s.web.servlet.DispatcherServlet        : Detected FixedThemeResolver
2022-09-09 16:24:04.792 DEBUG 10712 --- [http-nio-8080-exec-2] o.s.web.servlet.DispatcherServlet        : Detected org.springframework.web.servlet.view.DefaultRequestToViewNameTranslator@46bf57e8
2022-09-09 16:24:04.793 DEBUG 10712 --- [http-nio-8080-exec-2] o.s.web.servlet.DispatcherServlet        : Detected org.springframework.web.servlet.support.SessionFlashMapManager@39bc379e
2022-09-09 16:24:04.794 DEBUG 10712 --- [http-nio-8080-exec-2] o.s.web.servlet.DispatcherServlet        : enableLoggingRequestDetails='false': request parameters and headers will be masked to prevent unsafe logging of potentially sensitive data
2022-09-09 16:24:04.794  INFO 10712 --- [http-nio-8080-exec-2] o.s.web.servlet.DispatcherServlet        : Completed initialization in 4 ms
